#
# A fatal error has been detected by the Java Runtime Environment:
#
#  EXCEPTION_ACCESS_VIOLATION (0xc0000005) at pc=0x691c9ad5, pid=2456, tid=5168
#
# JRE version: Java(TM) SE Runtime Environment (7.0_51-b13) (build 1.7.0_51-b13)
# Java VM: Java HotSpot(TM) Client VM (24.51-b03 mixed mode windows-x86 )
# Problematic frame:
# C  [atioglxx.dll+0x1a9ad5]
#
# Failed to write core dump. Minidumps are not enabled by default on client versions of Windows
#
# If you would like to submit a bug report, please visit:
#   http://bugreport.sun.com/bugreport/crash.jsp
# The crash happened outside the Java Virtual Machine in native code.
# See problematic frame for where to report the bug.
#

---------------  T H R E A D  ---------------

Current thread (0x1854ac00):  JavaThread "LWJGL Application" [_thread_in_native, id=5168, stack(0x19da0000,0x19df0000)]

siginfo: ExceptionCode=0xc0000005, reading address 0x18f976a0

Registers:
EAX=0x18f976a0, EBX=0x00001403, ECX=0x00000000, EDX=0x00000036
ESP=0x19def270, EBP=0x69a49b40, ESI=0x00000006, EDI=0x18f976a0
EIP=0x691c9ad5, EFLAGS=0x00010246

Top of Stack: (sp=0x19def270)
0x19def270:   18f976a0 69a49b40 00000006 00001403
0x19def280:   00000006 691c9ba5 69a49b40 00001403
0x19def290:   19def2ac 19def2b0 00000006 00000004
0x19def2a0:   00001403 69333ec3 00000004 00000000
0x19def2b0:   00000000 00000001 1854ac00 19def30c
0x19def2c0:   00000000 19def318 01108508 00000004
0x19def2d0:   00000006 00001403 18f976a0 024f29c8
0x19def2e0:   1854ad30 19def30c 00000004 00000006 

Instructions: (pc=0x691c9ad5)
0x691c9ab5:   3b c2 76 04 8b d0 eb 06 3b c6 73 02 8b f0 3b cf
0x691c9ac5:   72 e9 8b 44 24 20 8b 4c 24 24 89 30 89 11 eb 76
0x691c9ad5:   0f b7 10 8d 3c 70 8d 48 02 3b cf 0f b7 f2 73 1c
0x691c9ae5:   0f b7 01 83 c1 02 66 3b c2 76 05 0f b7 d0 eb 08 


Register to memory mapping:

EAX=0x18f976a0 is an unknown value
EBX=0x00001403 is an unknown value
ECX=0x00000000 is an unknown value
EDX=0x00000036 is an unknown value
ESP=0x19def270 is pointing into the stack for thread: 0x1854ac00
EBP=0x69a49b40 is an unknown value
ESI=0x00000006 is an unknown value
EDI=0x18f976a0 is an unknown value


Stack: [0x19da0000,0x19df0000],  sp=0x19def270,  free space=316k
Native frames: (J=compiled Java code, j=interpreted, Vv=VM code, C=native code)
C  [atioglxx.dll+0x1a9ad5]

Java frames: (J=compiled Java code, j=interpreted, Vv=VM code)
J  org.lwjgl.opengl.GL11.nglDrawElements(IIIJJ)V
J  org.lwjgl.opengl.GL11.glDrawElements(ILjava/nio/ShortBuffer;)V
J  com.badlogic.gdx.backends.lwjgl.LwjglGL20.glDrawElements(IIILjava/nio/Buffer;)V
J  com.badlogic.gdx.graphics.Mesh.render(Lcom/badlogic/gdx/graphics/glutils/ShaderProgram;IIIZ)V
J  com.badlogic.gdx.graphics.g2d.SpriteBatch.flush()V
j  com.badlogic.gdx.graphics.g2d.SpriteBatch.end()V+25
j  com.mygdx.game.screens.firstScreen.render(F)V+127
j  com.badlogic.gdx.Game.render()V+19
j  com.mygdx.game.MyGdxGame.render()V+1
j  com.badlogic.gdx.backends.lwjgl.LwjglApplication.mainLoop()V+684
j  com.badlogic.gdx.backends.lwjgl.LwjglApplication$1.run()V+27
v  ~StubRoutines::call_stub

---------------  P R O C E S S  ---------------

Java Threads: ( => current thread )
  0x1c443800 JavaThread "LWJGL Timer" daemon [_thread_blocked, id=6664, stack(0x19720000,0x19770000)]
  0x011cd800 JavaThread "DestroyJavaVM" [_thread_blocked, id=5424, stack(0x01270000,0x012c0000)]
=>0x1854ac00 JavaThread "LWJGL Application" [_thread_in_native, id=5168, stack(0x19da0000,0x19df0000)]
  0x18435000 JavaThread "Service Thread" daemon [_thread_blocked, id=1572, stack(0x18860000,0x188b0000)]
  0x1841c800 JavaThread "C1 CompilerThread0" daemon [_thread_blocked, id=6708, stack(0x187d0000,0x18820000)]
  0x1841b400 JavaThread "Attach Listener" daemon [_thread_blocked, id=3308, stack(0x188b0000,0x18900000)]
  0x1841a400 JavaThread "Signal Dispatcher" daemon [_thread_blocked, id=6564, stack(0x18740000,0x18790000)]
  0x183e9c00 JavaThread "Finalizer" daemon [_thread_blocked, id=7820, stack(0x00830000,0x00880000)]
  0x183e4c00 JavaThread "Reference Handler" daemon [_thread_blocked, id=6704, stack(0x01220000,0x01270000)]

Other Threads:
  0x183e2c00 VMThread [stack: 0x18690000,0x186e0000] [id=6736]
  0x18451c00 WatcherThread [stack: 0x186e0000,0x18730000] [id=1804]

VM state:not at safepoint (normal execution)

VM Mutex/Monitor currently owned by a thread: None

Heap
 def new generation   total 4928K, used 3901K [0x043e0000, 0x04930000, 0x09930000)
  eden space 4416K,  77% used [0x043e0000, 0x0473bc18, 0x04830000)
  from space 512K,  90% used [0x04830000, 0x048a3ba8, 0x048b0000)
  to   space 512K,   0% used [0x048b0000, 0x048b0000, 0x04930000)
 tenured generation   total 10944K, used 3061K [0x09930000, 0x0a3e0000, 0x143e0000)
   the space 10944K,  27% used [0x09930000, 0x09c2d680, 0x09c2d800, 0x0a3e0000)
 compacting perm gen  total 12288K, used 4782K [0x143e0000, 0x14fe0000, 0x183e0000)
   the space 12288K,  38% used [0x143e0000, 0x1488ba88, 0x1488bc00, 0x14fe0000)
No shared spaces configured.

Card table byte_map: [0x012c0000,0x01370000] byte_map_base: 0x0129e100

Polling page: 0x001c0000

Code Cache  [0x023e0000, 0x02508000, 0x043e0000)
 total_blobs=584 nmethods=332 adapters=189 free_code_cache=31600Kb largest_free_block=32358976

Compilation events (10 events):
Event: 8.269 Thread 0x1841c800  328             java.io.InputStreamReader::read (11 bytes)
Event: 8.269 Thread 0x1841c800 nmethod 328 0x02502508 code [0x02502610, 0x025026bc]
Event: 8.269 Thread 0x1841c800  329   !         sun.nio.cs.StreamDecoder::read (196 bytes)
Event: 8.270 Thread 0x1841c800 nmethod 329 0x02502748 code [0x025028b0, 0x02502e6c]
Event: 8.270 Thread 0x1841c800  330             sun.nio.cs.StreamDecoder::ensureOpen (18 bytes)
Event: 8.270 Thread 0x1841c800 nmethod 330 0x025033c8 code [0x025034d0, 0x025035cc]
Event: 8.270 Thread 0x1841c800  331             java.io.BufferedReader::fill (170 bytes)
Event: 8.270 Thread 0x1841c800 nmethod 331 0x02503648 code [0x02503770, 0x02503a84]
Event: 8.273 Thread 0x1841c800  332             java.io.Win32FileSystem::isLetter (30 bytes)
Event: 8.274 Thread 0x1841c800 nmethod 332 0x02503bc8 code [0x02503cc0, 0x02503d90]

GC Heap History (10 events):
Event: 0.978 GC heap before
{Heap before GC invocations=1 (full 0):
 def new generation   total 4928K, used 4920K [0x043e0000, 0x04930000, 0x09930000)
  eden space 4416K,  99% used [0x043e0000, 0x0482e2f8, 0x04830000)
  from space 512K, 100% used [0x048b0000, 0x04930000, 0x04930000)
  to   space 512K,   0% used [0x04830000, 0x04830000, 0x048b0000)
 tenured generation   total 10944K, used 573K [0x09930000, 0x0a3e0000, 0x143e0000)
   the space 10944K,   5% used [0x09930000, 0x099bf420, 0x099bf600, 0x0a3e0000)
 compacting perm gen  total 12288K, used 3677K [0x143e0000, 0x14fe0000, 0x183e0000)
   the space 12288K,  29% used [0x143e0000, 0x14777518, 0x14777600, 0x14fe0000)
No shared spaces configured.
Event: 0.983 GC heap after
Heap after GC invocations=2 (full 0):
 def new generation   total 4928K, used 512K [0x043e0000, 0x04930000, 0x09930000)
  eden space 4416K,   0% used [0x043e0000, 0x043e0000, 0x04830000)
  from space 512K, 100% used [0x04830000, 0x048b0000, 0x048b0000)
  to   space 512K,   0% used [0x048b0000, 0x048b0000, 0x04930000)
 tenured generation   total 10944K, used 1273K [0x09930000, 0x0a3e0000, 0x143e0000)
   the space 10944K,  11% used [0x09930000, 0x09a6e520, 0x09a6e600, 0x0a3e0000)
 compacting perm gen  total 12288K, used 3677K [0x143e0000, 0x14fe0000, 0x183e0000)
   the space 12288K,  29% used [0x143e0000, 0x14777518, 0x14777600, 0x14fe0000)
No shared spaces configured.
}
Event: 3.664 GC heap before
{Heap before GC invocations=2 (full 0):
 def new generation   total 4928K, used 4200K [0x043e0000, 0x04930000, 0x09930000)
  eden space 4416K,  83% used [0x043e0000, 0x0477a320, 0x04830000)
  from space 512K, 100% used [0x04830000, 0x048b0000, 0x048b0000)
  to   space 512K,   0% used [0x048b0000, 0x048b0000, 0x04930000)
 tenured generation   total 10944K, used 1273K [0x09930000, 0x0a3e0000, 0x143e0000)
   the space 10944K,  11% used [0x09930000, 0x09a6e520, 0x09a6e600, 0x0a3e0000)
 compacting perm gen  total 12288K, used 4233K [0x143e0000, 0x14fe0000, 0x183e0000)
   the space 12288K,  34% used [0x143e0000, 0x14802638, 0x14802800, 0x14fe0000)
No shared spaces configured.
Event: 3.668 GC heap after
Heap after GC invocations=3 (full 0):
 def new generation   total 4928K, used 512K [0x043e0000, 0x04930000, 0x09930000)
  eden space 4416K,   0% used [0x043e0000, 0x043e0000, 0x04830000)
  from space 512K, 100% used [0x048b0000, 0x04930000, 0x04930000)
  to   space 512K,   0% used [0x04830000, 0x04830000, 0x048b0000)
 tenured generation   total 10944K, used 1722K [0x09930000, 0x0a3e0000, 0x143e0000)
   the space 10944K,  15% used [0x09930000, 0x09adebf0, 0x09adec00, 0x0a3e0000)
 compacting perm gen  total 12288K, used 4233K [0x143e0000, 0x14fe0000, 0x183e0000)
   the space 12288K,  34% used [0x143e0000, 0x14802638, 0x14802800, 0x14fe0000)
No shared spaces configured.
}
Event: 3.759 GC heap before
{Heap before GC invocations=3 (full 0):
 def new generation   total 4928K, used 4928K [0x043e0000, 0x04930000, 0x09930000)
  eden space 4416K, 100% used [0x043e0000, 0x04830000, 0x04830000)
  from space 512K, 100% used [0x048b0000, 0x04930000, 0x04930000)
  to   space 512K,   0% used [0x04830000, 0x04830000, 0x048b0000)
 tenured generation   total 10944K, used 1722K [0x09930000, 0x0a3e0000, 0x143e0000)
   the space 10944K,  15% used [0x09930000, 0x09adebf0, 0x09adec00, 0x0a3e0000)
 compacting perm gen  total 12288K, used 4389K [0x143e0000, 0x14fe0000, 0x183e0000)
   the space 12288K,  35% used [0x143e0000, 0x148296a8, 0x14829800, 0x14fe0000)
No shared spaces configured.
Event: 3.761 GC heap after
Heap after GC invocations=4 (full 0):
 def new generation   total 4928K, used 353K [0x043e0000, 0x04930000, 0x09930000)
  eden space 4416K,   0% used [0x043e0000, 0x043e0000, 0x04830000)
  from space 512K,  69% used [0x04830000, 0x048886a8, 0x048b0000)
  to   space 512K,   0% used [0x048b0000, 0x048b0000, 0x04930000)
 tenured generation   total 10944K, used 1854K [0x09930000, 0x0a3e0000, 0x143e0000)
   the space 10944K,  16% used [0x09930000, 0x09aff8c8, 0x09affa00, 0x0a3e0000)
 compacting perm gen  total 12288K, used 4389K [0x143e0000, 0x14fe0000, 0x183e0000)
   the space 12288K,  35% used [0x143e0000, 0x148296a8, 0x14829800, 0x14fe0000)
No shared spaces configured.
}
Event: 5.047 GC heap before
{Heap before GC invocations=4 (full 0):
 def new generation   total 4928K, used 4742K [0x043e0000, 0x04930000, 0x09930000)
  eden space 4416K,  99% used [0x043e0000, 0x048291d8, 0x04830000)
  from space 512K,  69% used [0x04830000, 0x048886a8, 0x048b0000)
  to   space 512K,   0% used [0x048b0000, 0x048b0000, 0x04930000)
 tenured generation   total 10944K, used 1854K [0x09930000, 0x0a3e0000, 0x143e0000)
   the space 10944K,  16% used [0x09930000, 0x09aff8c8, 0x09affa00, 0x0a3e0000)
 compacting perm gen  total 12288K, used 4746K [0x143e0000, 0x14fe0000, 0x183e0000)
   the space 12288K,  38% used [0x143e0000, 0x148828d0, 0x14882a00, 0x14fe0000)
No shared spaces configured.
Event: 5.050 GC heap after
Heap after GC invocations=5 (full 0):
 def new generation   total 4928K, used 512K [0x043e0000, 0x04930000, 0x09930000)
  eden space 4416K,   0% used [0x043e0000, 0x043e0000, 0x04830000)
  from space 512K, 100% used [0x048b0000, 0x04930000, 0x04930000)
  to   space 512K,   0% used [0x04830000, 0x04830000, 0x048b0000)
 tenured generation   total 10944K, used 2560K [0x09930000, 0x0a3e0000, 0x143e0000)
   the space 10944K,  23% used [0x09930000, 0x09bb01f8, 0x09bb0200, 0x0a3e0000)
 compacting perm gen  total 12288K, used 4746K [0x143e0000, 0x14fe0000, 0x183e0000)
   the space 12288K,  38% used [0x143e0000, 0x148828d0, 0x14882a00, 0x14fe0000)
No shared spaces configured.
}
Event: 8.248 GC heap before
{Heap before GC invocations=5 (full 0):
 def new generation   total 4928K, used 4928K [0x043e0000, 0x04930000, 0x09930000)
  eden space 4416K, 100% used [0x043e0000, 0x04830000, 0x04830000)
  from space 512K, 100% used [0x048b0000, 0x04930000, 0x04930000)
  to   space 512K,   0% used [0x04830000, 0x04830000, 0x048b0000)
 tenured generation   total 10944K, used 2560K [0x09930000, 0x0a3e0000, 0x143e0000)
   the space 10944K,  23% used [0x09930000, 0x09bb01f8, 0x09bb0200, 0x0a3e0000)
 compacting perm gen  total 12288K, used 4782K [0x143e0000, 0x14fe0000, 0x183e0000)
   the space 12288K,  38% used [0x143e0000, 0x1488ba68, 0x1488bc00, 0x14fe0000)
No shared spaces configured.
Event: 8.251 GC heap after
Heap after GC invocations=6 (full 0):
 def new generation   total 4928K, used 462K [0x043e0000, 0x04930000, 0x09930000)
  eden space 4416K,   0% used [0x043e0000, 0x043e0000, 0x04830000)
  from space 512K,  90% used [0x04830000, 0x048a3ba8, 0x048b0000)
  to   space 512K,   0% used [0x048b0000, 0x048b0000, 0x04930000)
 tenured generation   total 10944K, used 3061K [0x09930000, 0x0a3e0000, 0x143e0000)
   the space 10944K,  27% used [0x09930000, 0x09c2d680, 0x09c2d800, 0x0a3e0000)
 compacting perm gen  total 12288K, used 4782K [0x143e0000, 0x14fe0000, 0x183e0000)
   the space 12288K,  38% used [0x143e0000, 0x1488ba68, 0x1488bc00, 0x14fe0000)
No shared spaces configured.
}

Deoptimization events (0 events):
No events

Internal exceptions (10 events):
Event: 5.055 Thread 0x1854ac00 Threw 0x043f1cf8 at C:\re\jdk7u51\527\hotspot\src\share\vm\prims\jvm.cpp:1244
Event: 5.056 Thread 0x1854ac00 Threw 0x043f8338 at C:\re\jdk7u51\527\hotspot\src\share\vm\prims\jvm.cpp:1244
Event: 5.056 Thread 0x1854ac00 Threw 0x043fce00 at C:\re\jdk7u51\527\hotspot\src\share\vm\prims\jvm.cpp:1244
Event: 5.058 Thread 0x1854ac00 Threw 0x04401820 at C:\re\jdk7u51\527\hotspot\src\share\vm\prims\jvm.cpp:1244
Event: 7.733 Thread 0x1854ac00 Threw 0x04408550 at C:\re\jdk7u51\527\hotspot\src\share\vm\prims\jvm.cpp:1244
Event: 7.734 Thread 0x1854ac00 Threw 0x04415a30 at C:\re\jdk7u51\527\hotspot\src\share\vm\prims\jvm.cpp:1244
Event: 7.735 Thread 0x1854ac00 Threw 0x04419ad0 at C:\re\jdk7u51\527\hotspot\src\share\vm\prims\jvm.cpp:1244
Event: 8.150 Thread 0x1854ac00 Threw 0x0441db60 at C:\re\jdk7u51\527\hotspot\src\share\vm\prims\jvm.cpp:1244
Event: 8.220 Thread 0x1854ac00 Threw 0x047d1b88 at C:\re\jdk7u51\527\hotspot\src\share\vm\prims\jvm.cpp:1244
Event: 8.221 Thread 0x1854ac00 Threw 0x047d49f0 at C:\re\jdk7u51\527\hotspot\src\share\vm\prims\jvm.cpp:1244

Events (10 events):
Event: 8.253 Executing VM operation: RevokeBias
Event: 8.253 Executing VM operation: RevokeBias done
Event: 8.253 Executing VM operation: RevokeBias
Event: 8.253 Executing VM operation: RevokeBias done
Event: 8.253 Executing VM operation: RevokeBias
Event: 8.253 Executing VM operation: RevokeBias done
Event: 8.253 Executing VM operation: RevokeBias
Event: 8.253 Executing VM operation: RevokeBias done
Event: 8.253 Executing VM operation: BulkRevokeBias
Event: 8.253 Executing VM operation: BulkRevokeBias done


Dynamic libraries:
0x013b0000 - 0x013df000 	C:\Program Files\Java\jre7\bin\javaw.exe
0x77760000 - 0x77888000 	C:\Windows\system32\ntdll.dll
0x77200000 - 0x772dc000 	C:\Windows\system32\kernel32.dll
0x772e0000 - 0x773a6000 	C:\Windows\system32\ADVAPI32.dll
0x76c10000 - 0x76cd2000 	C:\Windows\system32\RPCRT4.dll
0x76f40000 - 0x76fdd000 	C:\Windows\system32\USER32.dll
0x77130000 - 0x7717c000 	C:\Windows\system32\GDI32.dll
0x74e80000 - 0x7501e000 	C:\Windows\WinSxS\x86_microsoft.windows.common-controls_6595b64144ccf1df_6.0.6002.18305_none_5cb72f2a088b0ed3\COMCTL32.dll
0x76ce0000 - 0x76d8a000 	C:\Windows\system32\msvcrt.dll
0x778d0000 - 0x77929000 	C:\Windows\system32\SHLWAPI.dll
0x75e30000 - 0x75e4e000 	C:\Windows\system32\IMM32.DLL
0x774d0000 - 0x77598000 	C:\Windows\system32\MSCTF.dll
0x75e20000 - 0x75e29000 	C:\Windows\system32\LPK.DLL
0x77180000 - 0x771fd000 	C:\Windows\system32\USP10.dll
0x5e000000 - 0x5e0bf000 	C:\Program Files\Java\jre7\bin\msvcr100.dll
0x57810000 - 0x57b90000 	C:\Program Files\Java\jre7\bin\client\jvm.dll
0x71930000 - 0x71937000 	C:\Windows\system32\WSOCK32.dll
0x778a0000 - 0x778cd000 	C:\Windows\system32\WS2_32.dll
0x77890000 - 0x77896000 	C:\Windows\system32\NSI.dll
0x74a90000 - 0x74ac2000 	C:\Windows\system32\WINMM.dll
0x76fe0000 - 0x77125000 	C:\Windows\system32\ole32.dll
0x77930000 - 0x779bd000 	C:\Windows\system32\OLEAUT32.dll
0x747f0000 - 0x7482e000 	C:\Windows\system32\OLEACC.dll
0x75d80000 - 0x75d87000 	C:\Windows\system32\PSAPI.DLL
0x74400000 - 0x7440c000 	C:\Program Files\Java\jre7\bin\verify.dll
0x71c20000 - 0x71c40000 	C:\Program Files\Java\jre7\bin\java.dll
0x71c00000 - 0x71c13000 	C:\Program Files\Java\jre7\bin\zip.dll
0x6cec0000 - 0x6cf33000 	C:\Users\Muthu\AppData\Local\Temp\libgdxMuthu\72d08163\gdx.dll
0x751c0000 - 0x751fb000 	C:\Windows\system32\rsaenh.dll
0x75cd0000 - 0x75cee000 	C:\Windows\system32\USERENV.dll
0x75cb0000 - 0x75cc4000 	C:\Windows\system32\Secur32.dll
0x60600000 - 0x60614000 	C:\Program Files\Java\jre7\bin\net.dll
0x75440000 - 0x7547b000 	C:\Windows\system32\mswsock.dll
0x75520000 - 0x75525000 	C:\Windows\System32\wship6.dll
0x74340000 - 0x7434f000 	C:\Windows\system32\NLAapi.dll
0x756b0000 - 0x756c9000 	C:\Windows\system32\IPHLPAPI.DLL
0x75670000 - 0x756a5000 	C:\Windows\system32\dhcpcsvc.DLL
0x758f0000 - 0x7591c000 	C:\Windows\system32\DNSAPI.dll
0x75660000 - 0x75667000 	C:\Windows\system32\WINNSI.DLL
0x75630000 - 0x75652000 	C:\Windows\system32\dhcpcsvc6.DLL
0x6f400000 - 0x6f40f000 	C:\Windows\system32\napinsp.dll
0x6dac0000 - 0x6dad2000 	C:\Windows\system32\pnrpnsp.dll
0x6f3f0000 - 0x6f3f8000 	C:\Windows\System32\winrnr.dll
0x75f10000 - 0x75f59000 	C:\Windows\system32\WLDAP32.dll
0x6e700000 - 0x6e70c000 	C:\Windows\system32\wshbth.dll
0x75f60000 - 0x760ea000 	C:\Windows\system32\SETUPAPI.dll
0x75100000 - 0x75105000 	C:\Windows\System32\wshtcpip.dll
0x71940000 - 0x71946000 	C:\Windows\system32\rasadhlp.dll
0x74410000 - 0x7441f000 	C:\Program Files\Java\jre7\bin\nio.dll
0x01100000 - 0x0114f000 	C:\Users\Muthu\AppData\Local\Temp\libgdxMuthu\68069333\lwjgl.dll
0x5b680000 - 0x5b74b000 	C:\Windows\system32\OPENGL32.dll
0x5e4d0000 - 0x5e4f3000 	C:\Windows\system32\GLU32.dll
0x60660000 - 0x60745000 	C:\Windows\system32\DDRAW.dll
0x61bb0000 - 0x61bb6000 	C:\Windows\system32\DCIMAN32.dll
0x71a70000 - 0x71a7c000 	C:\Windows\system32\dwmapi.dll
0x75530000 - 0x75538000 	C:\Windows\system32\VERSION.dll
0x185e0000 - 0x18645000 	C:\Users\Muthu\AppData\Local\Temp\libgdxMuthu\68069333\OpenAL32.dll
0x760f0000 - 0x76c01000 	C:\Windows\system32\SHELL32.dll
0x74860000 - 0x7489f000 	C:\Windows\system32\uxtheme.dll
0x76d90000 - 0x76e14000 	C:\Windows\system32\CLBCatQ.DLL
0x74bf0000 - 0x74c60000 	C:\Windows\system32\dsound.dll
0x75120000 - 0x7513a000 	C:\Windows\system32\POWRPROF.dll
0x74d10000 - 0x74d38000 	C:\Windows\System32\MMDevApi.dll
0x747c0000 - 0x747e1000 	C:\Windows\system32\AUDIOSES.DLL
0x741c0000 - 0x74226000 	C:\Windows\system32\audioeng.dll
0x74d00000 - 0x74d07000 	C:\Windows\system32\AVRT.dll
0x75020000 - 0x7504d000 	C:\Windows\system32\WINTRUST.dll
0x75750000 - 0x75845000 	C:\Windows\system32\CRYPT32.dll
0x758b0000 - 0x758c2000 	C:\Windows\system32\MSASN1.dll
0x75ed0000 - 0x75efa000 	C:\Windows\system32\imagehlp.dll
0x011d0000 - 0x01205000 	C:\Windows\system32\btmmhook.dll
0x69020000 - 0x69aed000 	C:\Windows\system32\atioglxx.dll
0x6d020000 - 0x6d082000 	C:\Windows\system32\mscms.dll
0x71510000 - 0x71552000 	C:\Windows\system32\WINSPOOL.DRV
0x5e490000 - 0x5e4c8000 	C:\Windows\system32\icm32.dll
0x18820000 - 0x18841000 	C:\Program Files\WIDCOMM\Bluetooth Software\btkeyind.dll

VM Arguments:
jvm_args: -Dfile.encoding=Cp1252 
java_command: com.mygdx.game.desktop.DesktopLauncher
Launcher Type: SUN_STANDARD

Environment Variables:
PATH=C:/Program Files/Java/jre1.8.0_31/bin/client;C:/Program Files/Java/jre1.8.0_31/bin;C:/Program Files/Java/jre1.8.0_31/lib/i386;C:\ProgramData\Oracle\Java\javapath;C:\Program Files\PC Connectivity Solution\;C:\Windows\system32;C:\Windows;C:\Windows\System32\Wbem;C:\Program Files\CyberLink\Power2Go;C:\Program Files\ATI Technologies\ATI.ACE\Core-Static;C:\Windows\System32\WindowsPowerShell\v1.0\;c:\Program Files\Microsoft SQL Server\100\Tools\Binn\;c:\Program Files\Microsoft SQL Server\100\DTS\Binn\;c:\Program Files\Microsoft SQL Server\100\Tools\Binn\VSShell\Common7\IDE\;C:\Program Files\Microsoft\Web Platform Installer\;F:\eclipse;
USERNAME=Muthu
OS=Windows_NT
PROCESSOR_IDENTIFIER=x86 Family 6 Model 23 Stepping 10, GenuineIntel



---------------  S Y S T E M  ---------------

OS: Windows Vista Build 6002 Service Pack 2

CPU:total 2 (2 cores per cpu, 1 threads per core) family 6 model 23 stepping 10, cmov, cx8, fxsr, mmx, sse, sse2, sse3, ssse3, sse4.1, tsc

Memory: 4k page, physical 3142084k(1030388k free), swap 6487912k(3668900k free)

vm_info: Java HotSpot(TM) Client VM (24.51-b03) for windows-x86 JRE (1.7.0_51-b13), built on Dec 18 2013 19:09:58 by "java_re" with unknown MS VC++:1600

time: Wed Apr 01 19:44:51 2015
elapsed time: 8 seconds

