#
# A fatal error has been detected by the Java Runtime Environment:
#
#  EXCEPTION_ACCESS_VIOLATION (0xc0000005) at pc=0x6920b7a0, pid=2104, tid=592
#
# JRE version: Java(TM) SE Runtime Environment (7.0_51-b13) (build 1.7.0_51-b13)
# Java VM: Java HotSpot(TM) Client VM (24.51-b03 mixed mode windows-x86 )
# Problematic frame:
# C  [atioglxx.dll+0x1eb7a0]
#
# Failed to write core dump. Minidumps are not enabled by default on client versions of Windows
#
# If you would like to submit a bug report, please visit:
#   http://bugreport.sun.com/bugreport/crash.jsp
# The crash happened outside the Java Virtual Machine in native code.
# See problematic frame for where to report the bug.
#

---------------  T H R E A D  ---------------

Current thread (0x18460c00):  JavaThread "LWJGL Application" [_thread_in_native, id=592, stack(0x19210000,0x19260000)]

siginfo: ExceptionCode=0xc0000005, reading address 0x18efb878

Registers:
EAX=0x1a05db98, EBX=0x1925ed5c, ECX=0xfee9dce0, EDX=0x1a05db9c
ESP=0x1925ed00, EBP=0x00000001, ESI=0x18dfdbde, EDI=0x1a05db98
EIP=0x6920b7a0, EFLAGS=0x00010283

Top of Stack: (sp=0x1925ed00)
0x1925ed00:   69a49b40 00000004 1925efbc 0000ff6d
0x1925ed10:   00000000 00000000 18dfdbe4 00000001
0x1925ed20:   00000000 0001f248 1b28a858 0000daa8
0x1925ed30:   00000000 00000000 00000018 69a487c0
0x1925ed40:   1a05db90 1b1afeb0 00000000 00000001
0x1925ed50:   00000000 18dea358 00000014 00000004
0x1925ed60:   1925ed8c 14464170 1b0658e8 1c1f985c
0x1925ed70:   ffffffff 1925ed80 1b0658e8 1c1f985c 

Instructions: (pc=0x6920b7a0)
0x6920b780:   6c 24 1c 8d 5c 24 5c 8b 13 03 d7 3b fa 8b c7 73
0x6920b790:   1b 0f b7 4c 24 2c 0f af 4b fc 03 4b f8 2b cf 90
0x6920b7a0:   8b 3c 01 89 38 83 c0 04 3b c2 72 f4 83 c3 0c 83
0x6920b7b0:   ed 01 8b fa 75 d1 3b 74 24 18 72 b2 8b 6c 24 3c 


Register to memory mapping:

EAX=0x1a05db98 is an unknown value
EBX=0x1925ed5c is pointing into the stack for thread: 0x18460c00
ECX=0xfee9dce0 is an unknown value
EDX=0x1a05db9c is an unknown value
ESP=0x1925ed00 is pointing into the stack for thread: 0x18460c00
EBP=0x00000001 is an unknown value
ESI=0x18dfdbde is an unknown value
EDI=0x1a05db98 is an unknown value


Stack: [0x19210000,0x19260000],  sp=0x1925ed00,  free space=315k
Native frames: (J=compiled Java code, j=interpreted, Vv=VM code, C=native code)
C  [atioglxx.dll+0x1eb7a0]

Java frames: (J=compiled Java code, j=interpreted, Vv=VM code)
J  org.lwjgl.opengl.GL11.nglDrawElements(IIIJJ)V
J  org.lwjgl.opengl.GL11.glDrawElements(ILjava/nio/ShortBuffer;)V
J  com.badlogic.gdx.backends.lwjgl.LwjglGL20.glDrawElements(IIILjava/nio/Buffer;)V
J  com.badlogic.gdx.graphics.Mesh.render(Lcom/badlogic/gdx/graphics/glutils/ShaderProgram;IIIZ)V
J  com.badlogic.gdx.graphics.g2d.SpriteBatch.flush()V
J  com.badlogic.gdx.graphics.g2d.SpriteBatch.end()V
J  com.mygdx.game.screens.firstScreen.render(F)V
J  com.mygdx.game.MyGdxGame.render()V
j  com.badlogic.gdx.backends.lwjgl.LwjglApplication.mainLoop()V+684
j  com.badlogic.gdx.backends.lwjgl.LwjglApplication$1.run()V+27
v  ~StubRoutines::call_stub

---------------  P R O C E S S  ---------------

Java Threads: ( => current thread )
  0x1bb35800 JavaThread "LWJGL Timer" daemon [_thread_blocked, id=4092, stack(0x1a0a0000,0x1a0f0000)]
  0x0087d800 JavaThread "DestroyJavaVM" [_thread_blocked, id=7504, stack(0x008a0000,0x008f0000)]
=>0x18460c00 JavaThread "LWJGL Application" [_thread_in_native, id=592, stack(0x19210000,0x19260000)]
  0x18351800 JavaThread "Service Thread" daemon [_thread_blocked, id=2116, stack(0x18900000,0x18950000)]
  0x1833a800 JavaThread "C1 CompilerThread0" daemon [_thread_blocked, id=6444, stack(0x01a80000,0x01ad0000)]
  0x18339400 JavaThread "Attach Listener" daemon [_thread_blocked, id=5436, stack(0x18880000,0x188d0000)]
  0x18338400 JavaThread "Signal Dispatcher" daemon [_thread_blocked, id=6512, stack(0x18780000,0x187d0000)]
  0x18309c00 JavaThread "Finalizer" daemon [_thread_blocked, id=6088, stack(0x18590000,0x185e0000)]
  0x18304c00 JavaThread "Reference Handler" daemon [_thread_blocked, id=4048, stack(0x18690000,0x186e0000)]

Other Threads:
  0x18302c00 VMThread [stack: 0x18510000,0x18560000] [id=4484]
  0x1836bc00 WatcherThread [stack: 0x18610000,0x18660000] [id=6328]

VM state:not at safepoint (normal execution)

VM Mutex/Monitor currently owned by a thread: None

Heap
 def new generation   total 4928K, used 1800K [0x04300000, 0x04850000, 0x09850000)
  eden space 4416K,  29% used [0x04300000, 0x044420a8, 0x04750000)
  from space 512K, 100% used [0x04750000, 0x047d0000, 0x047d0000)
  to   space 512K,   0% used [0x047d0000, 0x047d0000, 0x04850000)
 tenured generation   total 10944K, used 4381K [0x09850000, 0x0a300000, 0x14300000)
   the space 10944K,  40% used [0x09850000, 0x09c97678, 0x09c97800, 0x0a300000)
 compacting perm gen  total 12288K, used 4783K [0x14300000, 0x14f00000, 0x18300000)
   the space 12288K,  38% used [0x14300000, 0x147abcd0, 0x147abe00, 0x14f00000)
No shared spaces configured.

Card table byte_map: [0x01b50000,0x01c00000] byte_map_base: 0x01b2e800

Polling page: 0x00750000

Code Cache  [0x02300000, 0x02478000, 0x04300000)
 total_blobs=814 nmethods=562 adapters=189 free_code_cache=31278Kb largest_free_block=32028864

Compilation events (10 events):
Event: 118.676 Thread 0x1833a800  557             java.util.regex.Pattern$Start::match (90 bytes)
Event: 118.677 Thread 0x1833a800 nmethod 557 0x02472d48 code [0x02472e60, 0x02472fdc]
Event: 118.677 Thread 0x1833a800  558             java.util.regex.Pattern$Single::isSatisfiedBy (14 bytes)
Event: 118.677 Thread 0x1833a800 nmethod 558 0x02473148 code [0x02473240, 0x024732d0]
Event: 118.683 Thread 0x1833a800  559             java.util.WeakHashMap::indexFor (6 bytes)
Event: 118.683 Thread 0x1833a800 nmethod 559 0x02473308 code [0x02473400, 0x02473470]
Event: 118.696 Thread 0x1833a800  560   !         java.lang.ref.ReferenceQueue::poll (28 bytes)
Event: 118.697 Thread 0x1833a800 nmethod 560 0x024734c8 code [0x024735d0, 0x024737fc]
Event: 118.697 Thread 0x1833a800  562   !         java.util.WeakHashMap::expungeStaleEntries (139 bytes)
Event: 118.698 Thread 0x1833a800 nmethod 562 0x02473b48 code [0x02473c80, 0x0247418c]

GC Heap History (10 events):
Event: 39.487 GC heap before
{Heap before GC invocations=5 (full 0):
 def new generation   total 4928K, used 4928K [0x04300000, 0x04850000, 0x09850000)
  eden space 4416K, 100% used [0x04300000, 0x04750000, 0x04750000)
  from space 512K, 100% used [0x047d0000, 0x04850000, 0x04850000)
  to   space 512K,   0% used [0x04750000, 0x04750000, 0x047d0000)
 tenured generation   total 10944K, used 2523K [0x09850000, 0x0a300000, 0x14300000)
   the space 10944K,  23% used [0x09850000, 0x09ac6d50, 0x09ac6e00, 0x0a300000)
 compacting perm gen  total 12288K, used 4783K [0x14300000, 0x14f00000, 0x18300000)
   the space 12288K,  38% used [0x14300000, 0x147abc20, 0x147abe00, 0x14f00000)
No shared spaces configured.
Event: 39.490 GC heap after
Heap after GC invocations=6 (full 0):
 def new generation   total 4928K, used 417K [0x04300000, 0x04850000, 0x09850000)
  eden space 4416K,   0% used [0x04300000, 0x04300000, 0x04750000)
  from space 512K,  81% used [0x04750000, 0x047b8428, 0x047d0000)
  to   space 512K,   0% used [0x047d0000, 0x047d0000, 0x04850000)
 tenured generation   total 10944K, used 2630K [0x09850000, 0x0a300000, 0x14300000)
   the space 10944K,  24% used [0x09850000, 0x09ae1998, 0x09ae1a00, 0x0a300000)
 compacting perm gen  total 12288K, used 4783K [0x14300000, 0x14f00000, 0x18300000)
   the space 12288K,  38% used [0x14300000, 0x147abc20, 0x147abe00, 0x14f00000)
No shared spaces configured.
}
Event: 72.970 GC heap before
{Heap before GC invocations=6 (full 0):
 def new generation   total 4928K, used 4777K [0x04300000, 0x04850000, 0x09850000)
  eden space 4416K,  98% used [0x04300000, 0x047422c0, 0x04750000)
  from space 512K,  81% used [0x04750000, 0x047b8428, 0x047d0000)
  to   space 512K,   0% used [0x047d0000, 0x047d0000, 0x04850000)
 tenured generation   total 10944K, used 2630K [0x09850000, 0x0a300000, 0x14300000)
   the space 10944K,  24% used [0x09850000, 0x09ae1998, 0x09ae1a00, 0x0a300000)
 compacting perm gen  total 12288K, used 4783K [0x14300000, 0x14f00000, 0x18300000)
   the space 12288K,  38% used [0x14300000, 0x147abc60, 0x147abe00, 0x14f00000)
No shared spaces configured.
Event: 72.972 GC heap after
Heap after GC invocations=7 (full 0):
 def new generation   total 4928K, used 356K [0x04300000, 0x04850000, 0x09850000)
  eden space 4416K,   0% used [0x04300000, 0x04300000, 0x04750000)
  from space 512K,  69% used [0x047d0000, 0x04829030, 0x04850000)
  to   space 512K,   0% used [0x04750000, 0x04750000, 0x047d0000)
 tenured generation   total 10944K, used 2932K [0x09850000, 0x0a300000, 0x14300000)
   the space 10944K,  26% used [0x09850000, 0x09b2d2f0, 0x09b2d400, 0x0a300000)
 compacting perm gen  total 12288K, used 4783K [0x14300000, 0x14f00000, 0x18300000)
   the space 12288K,  38% used [0x14300000, 0x147abc60, 0x147abe00, 0x14f00000)
No shared spaces configured.
}
Event: 94.978 GC heap before
{Heap before GC invocations=7 (full 0):
 def new generation   total 4928K, used 4772K [0x04300000, 0x04850000, 0x09850000)
  eden space 4416K, 100% used [0x04300000, 0x04750000, 0x04750000)
  from space 512K,  69% used [0x047d0000, 0x04829030, 0x04850000)
  to   space 512K,   0% used [0x04750000, 0x04750000, 0x047d0000)
 tenured generation   total 10944K, used 2932K [0x09850000, 0x0a300000, 0x14300000)
   the space 10944K,  26% used [0x09850000, 0x09b2d2f0, 0x09b2d400, 0x0a300000)
 compacting perm gen  total 12288K, used 4783K [0x14300000, 0x14f00000, 0x18300000)
   the space 12288K,  38% used [0x14300000, 0x147abc70, 0x147abe00, 0x14f00000)
No shared spaces configured.
Event: 94.981 GC heap after
Heap after GC invocations=8 (full 0):
 def new generation   total 4928K, used 512K [0x04300000, 0x04850000, 0x09850000)
  eden space 4416K,   0% used [0x04300000, 0x04300000, 0x04750000)
  from space 512K, 100% used [0x04750000, 0x047d0000, 0x047d0000)
  to   space 512K,   0% used [0x047d0000, 0x047d0000, 0x04850000)
 tenured generation   total 10944K, used 3419K [0x09850000, 0x0a300000, 0x14300000)
   the space 10944K,  31% used [0x09850000, 0x09ba6e48, 0x09ba7000, 0x0a300000)
 compacting perm gen  total 12288K, used 4783K [0x14300000, 0x14f00000, 0x18300000)
   the space 12288K,  38% used [0x14300000, 0x147abc70, 0x147abe00, 0x14f00000)
No shared spaces configured.
}
Event: 97.498 GC heap before
{Heap before GC invocations=8 (full 0):
 def new generation   total 4928K, used 4928K [0x04300000, 0x04850000, 0x09850000)
  eden space 4416K, 100% used [0x04300000, 0x04750000, 0x04750000)
  from space 512K, 100% used [0x04750000, 0x047d0000, 0x047d0000)
  to   space 512K,   0% used [0x047d0000, 0x047d0000, 0x04850000)
 tenured generation   total 10944K, used 3419K [0x09850000, 0x0a300000, 0x14300000)
   the space 10944K,  31% used [0x09850000, 0x09ba6e48, 0x09ba7000, 0x0a300000)
 compacting perm gen  total 12288K, used 4783K [0x14300000, 0x14f00000, 0x18300000)
   the space 12288K,  38% used [0x14300000, 0x147abc90, 0x147abe00, 0x14f00000)
No shared spaces configured.
Event: 97.500 GC heap after
Heap after GC invocations=9 (full 0):
 def new generation   total 4928K, used 302K [0x04300000, 0x04850000, 0x09850000)
  eden space 4416K,   0% used [0x04300000, 0x04300000, 0x04750000)
  from space 512K,  59% used [0x047d0000, 0x0481b8a8, 0x04850000)
  to   space 512K,   0% used [0x04750000, 0x04750000, 0x047d0000)
 tenured generation   total 10944K, used 3913K [0x09850000, 0x0a300000, 0x14300000)
   the space 10944K,  35% used [0x09850000, 0x09c22600, 0x09c22600, 0x0a300000)
 compacting perm gen  total 12288K, used 4783K [0x14300000, 0x14f00000, 0x18300000)
   the space 12288K,  38% used [0x14300000, 0x147abc90, 0x147abe00, 0x14f00000)
No shared spaces configured.
}
Event: 118.690 GC heap before
{Heap before GC invocations=9 (full 0):
 def new generation   total 4928K, used 4718K [0x04300000, 0x04850000, 0x09850000)
  eden space 4416K, 100% used [0x04300000, 0x04750000, 0x04750000)
  from space 512K,  59% used [0x047d0000, 0x0481b8a8, 0x04850000)
  to   space 512K,   0% used [0x04750000, 0x04750000, 0x047d0000)
 tenured generation   total 10944K, used 3913K [0x09850000, 0x0a300000, 0x14300000)
   the space 10944K,  35% used [0x09850000, 0x09c22600, 0x09c22600, 0x0a300000)
 compacting perm gen  total 12288K, used 4783K [0x14300000, 0x14f00000, 0x18300000)
   the space 12288K,  38% used [0x14300000, 0x147abcd0, 0x147abe00, 0x14f00000)
No shared spaces configured.
Event: 118.692 GC heap after
Heap after GC invocations=10 (full 0):
 def new generation   total 4928K, used 512K [0x04300000, 0x04850000, 0x09850000)
  eden space 4416K,   0% used [0x04300000, 0x04300000, 0x04750000)
  from space 512K, 100% used [0x04750000, 0x047d0000, 0x047d0000)
  to   space 512K,   0% used [0x047d0000, 0x047d0000, 0x04850000)
 tenured generation   total 10944K, used 4381K [0x09850000, 0x0a300000, 0x14300000)
   the space 10944K,  40% used [0x09850000, 0x09c97678, 0x09c97800, 0x0a300000)
 compacting perm gen  total 12288K, used 4783K [0x14300000, 0x14f00000, 0x18300000)
   the space 12288K,  38% used [0x14300000, 0x147abcd0, 0x147abe00, 0x14f00000)
No shared spaces configured.
}

Deoptimization events (0 events):
No events

Internal exceptions (10 events):
Event: 5.110 Thread 0x18460c00 Threw 0x046fbb78 at C:\re\jdk7u51\527\hotspot\src\share\vm\prims\jvm.cpp:1244
Event: 5.110 Thread 0x18460c00 Threw 0x04702218 at C:\re\jdk7u51\527\hotspot\src\share\vm\prims\jvm.cpp:1244
Event: 5.111 Thread 0x18460c00 Threw 0x04706c38 at C:\re\jdk7u51\527\hotspot\src\share\vm\prims\jvm.cpp:1244
Event: 5.112 Thread 0x18460c00 Threw 0x0470b448 at C:\re\jdk7u51\527\hotspot\src\share\vm\prims\jvm.cpp:1244
Event: 5.113 Thread 0x18460c00 Threw 0x0470f6f0 at C:\re\jdk7u51\527\hotspot\src\share\vm\prims\jvm.cpp:1244
Event: 7.266 Thread 0x18460c00 Threw 0x04716448 at C:\re\jdk7u51\527\hotspot\src\share\vm\prims\jvm.cpp:1244
Event: 7.267 Thread 0x18460c00 Threw 0x0471f3f0 at C:\re\jdk7u51\527\hotspot\src\share\vm\prims\jvm.cpp:1244
Event: 35.402 Thread 0x18460c00 Threw 0x04725768 at C:\re\jdk7u51\527\hotspot\src\share\vm\prims\jvm.cpp:1244
Event: 35.462 Thread 0x18460c00 Threw 0x046a5918 at C:\re\jdk7u51\527\hotspot\src\share\vm\prims\jvm.cpp:1244
Event: 35.463 Thread 0x18460c00 Threw 0x046a8780 at C:\re\jdk7u51\527\hotspot\src\share\vm\prims\jvm.cpp:1244

Events (10 events):
Event: 97.502 Executing VM operation: RevokeBias
Event: 97.502 Executing VM operation: RevokeBias done
Event: 97.502 Executing VM operation: RevokeBias
Event: 97.502 Executing VM operation: RevokeBias done
Event: 97.502 Executing VM operation: RevokeBias
Event: 97.502 Executing VM operation: RevokeBias done
Event: 97.502 Executing VM operation: BulkRevokeBias
Event: 97.502 Executing VM operation: BulkRevokeBias done
Event: 118.690 Executing VM operation: GenCollectForAllocation
Event: 118.692 Executing VM operation: GenCollectForAllocation done


Dynamic libraries:
0x00ad0000 - 0x00aff000 	C:\Program Files\Java\jre7\bin\javaw.exe
0x775d0000 - 0x776f8000 	C:\Windows\system32\ntdll.dll
0x77750000 - 0x7782c000 	C:\Windows\system32\kernel32.dll
0x75db0000 - 0x75e76000 	C:\Windows\system32\ADVAPI32.dll
0x76380000 - 0x76442000 	C:\Windows\system32\RPCRT4.dll
0x76100000 - 0x7619d000 	C:\Windows\system32\USER32.dll
0x75d60000 - 0x75dac000 	C:\Windows\system32\GDI32.dll
0x74cf0000 - 0x74e8e000 	C:\Windows\WinSxS\x86_microsoft.windows.common-controls_6595b64144ccf1df_6.0.6002.18305_none_5cb72f2a088b0ed3\COMCTL32.dll
0x77390000 - 0x7743a000 	C:\Windows\system32\msvcrt.dll
0x762f0000 - 0x76349000 	C:\Windows\system32\SHLWAPI.dll
0x76350000 - 0x7636e000 	C:\Windows\system32\IMM32.DLL
0x75c90000 - 0x75d58000 	C:\Windows\system32\MSCTF.dll
0x76370000 - 0x76379000 	C:\Windows\system32\LPK.DLL
0x75fa0000 - 0x7601d000 	C:\Windows\system32\USP10.dll
0x58a20000 - 0x58adf000 	C:\Program Files\Java\jre7\bin\msvcr100.dll
0x57740000 - 0x57ac0000 	C:\Program Files\Java\jre7\bin\client\jvm.dll
0x71a70000 - 0x71a77000 	C:\Windows\system32\WSOCK32.dll
0x76f70000 - 0x76f9d000 	C:\Windows\system32\WS2_32.dll
0x76030000 - 0x76036000 	C:\Windows\system32\NSI.dll
0x747c0000 - 0x747f2000 	C:\Windows\system32\WINMM.dll
0x761a0000 - 0x762e5000 	C:\Windows\system32\ole32.dll
0x76040000 - 0x760cd000 	C:\Windows\system32\OLEAUT32.dll
0x74b50000 - 0x74b8e000 	C:\Windows\system32\OLEACC.dll
0x75c80000 - 0x75c87000 	C:\Windows\system32\PSAPI.DLL
0x71c20000 - 0x71c2c000 	C:\Program Files\Java\jre7\bin\verify.dll
0x71c00000 - 0x71c20000 	C:\Program Files\Java\jre7\bin\java.dll
0x71be0000 - 0x71bf3000 	C:\Program Files\Java\jre7\bin\zip.dll
0x6cec0000 - 0x6cf33000 	C:\Users\Muthu\AppData\Local\Temp\libgdxMuthu\72d08163\gdx.dll
0x75030000 - 0x7506b000 	C:\Windows\system32\rsaenh.dll
0x75b40000 - 0x75b5e000 	C:\Windows\system32\USERENV.dll
0x75b20000 - 0x75b34000 	C:\Windows\system32\Secur32.dll
0x71b40000 - 0x71b54000 	C:\Program Files\Java\jre7\bin\net.dll
0x752e0000 - 0x7531b000 	C:\Windows\system32\mswsock.dll
0x75340000 - 0x75345000 	C:\Windows\System32\wship6.dll
0x743e0000 - 0x743ef000 	C:\Windows\system32\NLAapi.dll
0x75520000 - 0x75539000 	C:\Windows\system32\IPHLPAPI.DLL
0x754e0000 - 0x75515000 	C:\Windows\system32\dhcpcsvc.DLL
0x75760000 - 0x7578c000 	C:\Windows\system32\DNSAPI.dll
0x754d0000 - 0x754d7000 	C:\Windows\system32\WINNSI.DLL
0x754a0000 - 0x754c2000 	C:\Windows\system32\dhcpcsvc6.DLL
0x71730000 - 0x7173f000 	C:\Windows\system32\napinsp.dll
0x70130000 - 0x70142000 	C:\Windows\system32\pnrpnsp.dll
0x70ac0000 - 0x70ac8000 	C:\Windows\System32\winrnr.dll
0x77700000 - 0x77749000 	C:\Windows\system32\WLDAP32.dll
0x70ab0000 - 0x70abc000 	C:\Windows\system32\wshbth.dll
0x77440000 - 0x775ca000 	C:\Windows\system32\SETUPAPI.dll
0x74f70000 - 0x74f75000 	C:\Windows\System32\wshtcpip.dll
0x71770000 - 0x71776000 	C:\Windows\system32\rasadhlp.dll
0x71d00000 - 0x71d0f000 	C:\Program Files\Java\jre7\bin\nio.dll
0x186e0000 - 0x1872f000 	C:\Users\Muthu\AppData\Local\Temp\libgdxMuthu\68069333\lwjgl.dll
0x585e0000 - 0x586ab000 	C:\Windows\system32\OPENGL32.dll
0x6af50000 - 0x6af73000 	C:\Windows\system32\GLU32.dll
0x6cc70000 - 0x6cd55000 	C:\Windows\system32\DDRAW.dll
0x6d350000 - 0x6d356000 	C:\Windows\system32\DCIMAN32.dll
0x719c0000 - 0x719cc000 	C:\Windows\system32\dwmapi.dll
0x75350000 - 0x75358000 	C:\Windows\system32\VERSION.dll
0x187d0000 - 0x18835000 	C:\Users\Muthu\AppData\Local\Temp\libgdxMuthu\68069333\OpenAL32.dll
0x76450000 - 0x76f61000 	C:\Windows\system32\SHELL32.dll
0x74590000 - 0x745cf000 	C:\Windows\system32\uxtheme.dll
0x77160000 - 0x771e4000 	C:\Windows\system32\CLBCatQ.DLL
0x748d0000 - 0x74940000 	C:\Windows\system32\dsound.dll
0x74f90000 - 0x74faa000 	C:\Windows\system32\POWRPROF.dll
0x74ab0000 - 0x74ad8000 	C:\Windows\System32\MMDevApi.dll
0x741e0000 - 0x74201000 	C:\Windows\system32\AUDIOSES.DLL
0x74000000 - 0x74066000 	C:\Windows\system32\audioeng.dll
0x74aa0000 - 0x74aa7000 	C:\Windows\system32\AVRT.dll
0x74e90000 - 0x74ebd000 	C:\Windows\system32\WINTRUST.dll
0x755c0000 - 0x756b5000 	C:\Windows\system32\CRYPT32.dll
0x75720000 - 0x75732000 	C:\Windows\system32\MSASN1.dll
0x760d0000 - 0x760fa000 	C:\Windows\system32\imagehlp.dll
0x18730000 - 0x18765000 	C:\Windows\system32\btmmhook.dll
0x69020000 - 0x69aed000 	C:\Windows\system32\atioglxx.dll
0x6d140000 - 0x6d1a2000 	C:\Windows\system32\mscms.dll
0x713b0000 - 0x713f2000 	C:\Windows\system32\WINSPOOL.DRV
0x64390000 - 0x643c8000 	C:\Windows\system32\icm32.dll
0x188d0000 - 0x188f1000 	C:\Program Files\WIDCOMM\Bluetooth Software\btkeyind.dll
0x1b3c0000 - 0x1b49c000 	C:\Windows\system32\dbghelp.dll

VM Arguments:
jvm_args: -Dfile.encoding=Cp1252 
java_command: com.mygdx.game.desktop.DesktopLauncher
Launcher Type: SUN_STANDARD

Environment Variables:
PATH=C:/Program Files/Java/jre1.8.0_31/bin/client;C:/Program Files/Java/jre1.8.0_31/bin;C:/Program Files/Java/jre1.8.0_31/lib/i386;C:\ProgramData\Oracle\Java\javapath;C:\Program Files\PC Connectivity Solution\;C:\Windows\system32;C:\Windows;C:\Windows\System32\Wbem;C:\Program Files\CyberLink\Power2Go;C:\Program Files\ATI Technologies\ATI.ACE\Core-Static;C:\Windows\System32\WindowsPowerShell\v1.0\;c:\Program Files\Microsoft SQL Server\100\Tools\Binn\;c:\Program Files\Microsoft SQL Server\100\DTS\Binn\;c:\Program Files\Microsoft SQL Server\100\Tools\Binn\VSShell\Common7\IDE\;C:\Program Files\Microsoft\Web Platform Installer\;F:\eclipse;
USERNAME=Muthu
OS=Windows_NT
PROCESSOR_IDENTIFIER=x86 Family 6 Model 23 Stepping 10, GenuineIntel



---------------  S Y S T E M  ---------------

OS: Windows Vista Build 6002 Service Pack 2

CPU:total 2 (2 cores per cpu, 1 threads per core) family 6 model 23 stepping 10, cmov, cx8, fxsr, mmx, sse, sse2, sse3, ssse3, sse4.1, tsc

Memory: 4k page, physical 3142084k(890972k free), swap 6494048k(2872868k free)

vm_info: Java HotSpot(TM) Client VM (24.51-b03) for windows-x86 JRE (1.7.0_51-b13), built on Dec 18 2013 19:09:58 by "java_re" with unknown MS VC++:1600

time: Tue Mar 31 19:23:59 2015
elapsed time: 118 seconds

